2020-09-24 23:25:42,883 [Worker-2] INFO  o.e.m.c.i.l.LifecycleMappingFactory - Using org.eclipse.m2e.jdt.JarLifecycleMapping lifecycle mapping for MavenProject: com.Spring_boot.CRUD_Operation:CRUD-Operation:0.0.1-SNAPSHOT @ C:\New folder (2)\In28Min\Project\Task_2\CRUD-Operation\pom.xml.
2020-09-24 23:25:44,311 [Worker-2] INFO  o.e.m.j.i.AbstractJavaProjectConfigurator - Adding source folder /CRUD-Operation/src/main/java
2020-09-24 23:25:44,312 [Worker-2] INFO  o.e.m.j.i.AbstractJavaProjectConfigurator - Adding resource folder /CRUD-Operation/src/main/resources
2020-09-24 23:25:44,312 [Worker-2] INFO  o.e.m.j.i.AbstractJavaProjectConfigurator - Adding resource folder /CRUD-Operation/src/main/resources
2020-09-24 23:25:44,313 [Worker-2] INFO  o.e.m.j.i.AbstractJavaProjectConfigurator - Adding source folder /CRUD-Operation/src/test/java
2020-09-24 23:25:44,749 [Worker-2] INFO  o.e.m.c.i.p.ProjectConfigurationManager - Imported and configured 1 project(s) in 5 sec
2020-09-24 23:25:47,230 [Worker-7] INFO  o.e.m.c.i.embedder.EclipseLogger - Using 'UTF-8' encoding to copy filtered resources.
2020-09-24 23:25:47,233 [Worker-7] INFO  o.e.m.c.i.embedder.EclipseLogger - Copying 1 resource
2020-09-24 23:25:47,242 [Worker-7] INFO  o.e.m.c.i.embedder.EclipseLogger - Copying 1 resource
2020-09-24 23:25:47,248 [Worker-7] INFO  o.e.m.c.i.embedder.EclipseLogger - Using 'UTF-8' encoding to copy filtered resources.
2020-09-24 23:25:47,248 [Worker-7] INFO  o.e.m.c.i.embedder.EclipseLogger - skip non existing resourceDirectory C:\New folder (2)\In28Min\Project\Task_2\CRUD-Operation\src\test\resources
2020-09-24 23:26:12,405 [Worker-9] INFO  o.e.m.c.i.embedder.EclipseLogger - Using 'UTF-8' encoding to copy filtered resources.
2020-09-24 23:26:12,408 [Worker-9] INFO  o.e.m.c.i.embedder.EclipseLogger - Copying 1 resource
2020-09-24 23:26:12,409 [Worker-9] INFO  o.e.m.c.i.embedder.EclipseLogger - Copying 1 resource
2020-09-24 23:26:12,411 [Worker-9] INFO  o.e.m.c.i.embedder.EclipseLogger - Using 'UTF-8' encoding to copy filtered resources.
2020-09-24 23:26:12,411 [Worker-9] INFO  o.e.m.c.i.embedder.EclipseLogger - skip non existing resourceDirectory C:\New folder (2)\In28Min\Project\Task_2\CRUD-Operation\src\test\resources
2020-09-24 23:26:15,326 [Worker-13] INFO  o.e.m.c.i.embedder.EclipseLogger - Using 'UTF-8' encoding to copy filtered resources.
2020-09-24 23:26:15,327 [Worker-13] INFO  o.e.m.c.i.embedder.EclipseLogger - Copying 1 resource
2020-09-24 23:26:15,329 [Worker-13] INFO  o.e.m.c.i.embedder.EclipseLogger - Copying 1 resource
2020-09-24 23:26:15,330 [Worker-13] INFO  o.e.m.c.i.embedder.EclipseLogger - Using 'UTF-8' encoding to copy filtered resources.
2020-09-24 23:26:15,330 [Worker-13] INFO  o.e.m.c.i.embedder.EclipseLogger - skip non existing resourceDirectory C:\New folder (2)\In28Min\Project\Task_2\CRUD-Operation\src\test\resources
2020-09-24 23:26:39,731 [Worker-16] WARN  o.e.r.models.ModelRepository - Failed to download org.eclipse.recommenders:index::zip:0.0.0
org.eclipse.aether.resolution.ArtifactResolutionException: Could not find artifact org.eclipse.recommenders:index:zip:0.0.0-SNAPSHOT in models (http://download.eclipse.org/recommenders/models/mars/)
	at org.eclipse.aether.internal.impl.DefaultArtifactResolver.resolve(DefaultArtifactResolver.java:444) ~[na:na]
	at org.eclipse.aether.internal.impl.DefaultArtifactResolver.resolveArtifacts(DefaultArtifactResolver.java:246) ~[na:na]
	at org.eclipse.aether.internal.impl.DefaultArtifactResolver.resolveArtifact(DefaultArtifactResolver.java:223) ~[na:na]
	at org.eclipse.aether.internal.impl.DefaultRepositorySystem.resolveArtifact(DefaultRepositorySystem.java:294) ~[na:na]
	at org.eclipse.recommenders.models.ModelRepository.resolveInternal(ModelRepository.java:192) [org.eclipse.recommenders.models_2.3.0.v20160216-1255.jar:na]
	at org.eclipse.recommenders.models.ModelRepository.resolve(ModelRepository.java:174) [org.eclipse.recommenders.models_2.3.0.v20160216-1255.jar:na]
	at org.eclipse.recommenders.internal.models.rcp.EclipseModelRepository.resolve(EclipseModelRepository.java:165) [org.eclipse.recommenders.models.rcp_2.3.0.v20160216-1255.jar:na]
	at org.eclipse.recommenders.internal.models.rcp.DownloadModelArchiveJob.run(DownloadModelArchiveJob.java:76) [org.eclipse.recommenders.models.rcp_2.3.0.v20160216-1255.jar:na]
	at org.eclipse.core.internal.jobs.Worker.run(Worker.java:55) [org.eclipse.core.jobs_3.7.0.v20150330-2103.jar:na]
Caused by: org.eclipse.aether.transfer.ArtifactNotFoundException: Could not find artifact org.eclipse.recommenders:index:zip:0.0.0-SNAPSHOT in models (http://download.eclipse.org/recommenders/models/mars/)
	at org.eclipse.aether.connector.basic.ArtifactTransportListener.transferFailed(ArtifactTransportListener.java:39) ~[org.eclipse.aether.connector.basic_1.0.1.v20141111.jar:na]
	at org.eclipse.aether.connector.basic.BasicRepositoryConnector$TaskRunner.run(BasicRepositoryConnector.java:355) ~[org.eclipse.aether.connector.basic_1.0.1.v20141111.jar:na]
	at org.eclipse.aether.util.concurrency.RunnableErrorForwarder$1.run(RunnableErrorForwarder.java:67) ~[na:na]
	at org.eclipse.aether.connector.basic.BasicRepositoryConnector$DirectExecutor.execute(BasicRepositoryConnector.java:581) ~[org.eclipse.aether.connector.basic_1.0.1.v20141111.jar:na]
	at org.eclipse.aether.connector.basic.BasicRepositoryConnector.get(BasicRepositoryConnector.java:249) ~[org.eclipse.aether.connector.basic_1.0.1.v20141111.jar:na]
	at org.eclipse.aether.internal.impl.DefaultArtifactResolver.performDownloads(DefaultArtifactResolver.java:520) ~[na:na]
	at org.eclipse.aether.internal.impl.DefaultArtifactResolver.resolve(DefaultArtifactResolver.java:421) ~[na:na]
	... 8 common frames omitted
2020-09-24 23:26:43,617 [Worker-1] INFO  o.e.m.c.i.embedder.EclipseLogger - Using 'UTF-8' encoding to copy filtered resources.
2020-09-24 23:26:43,618 [Worker-1] INFO  o.e.m.c.i.embedder.EclipseLogger - Copying 1 resource
2020-09-24 23:26:43,619 [Worker-1] INFO  o.e.m.c.i.embedder.EclipseLogger - Copying 1 resource
2020-09-24 23:26:43,620 [Worker-1] INFO  o.e.m.c.i.embedder.EclipseLogger - Using 'UTF-8' encoding to copy filtered resources.
2020-09-24 23:26:43,620 [Worker-1] INFO  o.e.m.c.i.embedder.EclipseLogger - skip non existing resourceDirectory C:\New folder (2)\In28Min\Project\Task_2\CRUD-Operation\src\test\resources
2020-09-24 23:27:01,321 [Worker-15] INFO  o.e.m.c.i.embedder.EclipseLogger - Using 'UTF-8' encoding to copy filtered resources.
2020-09-24 23:27:01,322 [Worker-15] INFO  o.e.m.c.i.embedder.EclipseLogger - Copying 1 resource
2020-09-24 23:27:01,323 [Worker-15] INFO  o.e.m.c.i.embedder.EclipseLogger - Copying 1 resource
2020-09-24 23:27:01,324 [Worker-15] INFO  o.e.m.c.i.embedder.EclipseLogger - Using 'UTF-8' encoding to copy filtered resources.
2020-09-24 23:27:01,324 [Worker-15] INFO  o.e.m.c.i.embedder.EclipseLogger - skip non existing resourceDirectory C:\New folder (2)\In28Min\Project\Task_2\CRUD-Operation\src\test\resources
2020-09-24 23:27:35,735 [Worker-16] INFO  o.e.m.c.i.embedder.EclipseLogger - Using 'UTF-8' encoding to copy filtered resources.
2020-09-24 23:27:35,735 [Worker-16] INFO  o.e.m.c.i.embedder.EclipseLogger - Copying 1 resource
2020-09-24 23:27:35,737 [Worker-16] INFO  o.e.m.c.i.embedder.EclipseLogger - Copying 1 resource
2020-09-24 23:27:35,738 [Worker-16] INFO  o.e.m.c.i.embedder.EclipseLogger - Using 'UTF-8' encoding to copy filtered resources.
2020-09-24 23:27:35,738 [Worker-16] INFO  o.e.m.c.i.embedder.EclipseLogger - skip non existing resourceDirectory C:\New folder (2)\In28Min\Project\Task_2\CRUD-Operation\src\test\resources
2020-09-24 23:27:46,821 [Worker-0] INFO  o.e.m.c.i.embedder.EclipseLogger - Using 'UTF-8' encoding to copy filtered resources.
2020-09-24 23:27:46,822 [Worker-0] INFO  o.e.m.c.i.embedder.EclipseLogger - Copying 1 resource
2020-09-24 23:27:46,823 [Worker-0] INFO  o.e.m.c.i.embedder.EclipseLogger - Copying 1 resource
2020-09-24 23:27:46,825 [Worker-0] INFO  o.e.m.c.i.embedder.EclipseLogger - Using 'UTF-8' encoding to copy filtered resources.
2020-09-24 23:27:46,825 [Worker-0] INFO  o.e.m.c.i.embedder.EclipseLogger - skip non existing resourceDirectory C:\New folder (2)\In28Min\Project\Task_2\CRUD-Operation\src\test\resources
2020-09-24 23:27:54,394 [Worker-11] INFO  o.e.m.c.i.embedder.EclipseLogger - Using 'UTF-8' encoding to copy filtered resources.
2020-09-24 23:27:54,395 [Worker-11] INFO  o.e.m.c.i.embedder.EclipseLogger - Copying 1 resource
2020-09-24 23:27:54,396 [Worker-11] INFO  o.e.m.c.i.embedder.EclipseLogger - Copying 1 resource
2020-09-24 23:27:54,399 [Worker-11] INFO  o.e.m.c.i.embedder.EclipseLogger - Using 'UTF-8' encoding to copy filtered resources.
2020-09-24 23:27:54,399 [Worker-11] INFO  o.e.m.c.i.embedder.EclipseLogger - skip non existing resourceDirectory C:\New folder (2)\In28Min\Project\Task_2\CRUD-Operation\src\test\resources
2020-09-24 23:28:01,316 [Worker-12] INFO  o.e.m.c.i.embedder.EclipseLogger - Using 'UTF-8' encoding to copy filtered resources.
2020-09-24 23:28:01,316 [Worker-12] INFO  o.e.m.c.i.embedder.EclipseLogger - Copying 1 resource
2020-09-24 23:28:01,317 [Worker-12] INFO  o.e.m.c.i.embedder.EclipseLogger - Copying 1 resource
2020-09-24 23:28:01,319 [Worker-12] INFO  o.e.m.c.i.embedder.EclipseLogger - Using 'UTF-8' encoding to copy filtered resources.
2020-09-24 23:28:01,319 [Worker-12] INFO  o.e.m.c.i.embedder.EclipseLogger - skip non existing resourceDirectory C:\New folder (2)\In28Min\Project\Task_2\CRUD-Operation\src\test\resources
2020-09-24 23:28:06,212 [Worker-2] INFO  o.e.m.c.i.embedder.EclipseLogger - Using 'UTF-8' encoding to copy filtered resources.
2020-09-24 23:28:06,213 [Worker-2] INFO  o.e.m.c.i.embedder.EclipseLogger - Copying 1 resource
2020-09-24 23:28:06,214 [Worker-2] INFO  o.e.m.c.i.embedder.EclipseLogger - Copying 1 resource
2020-09-24 23:28:06,215 [Worker-2] INFO  o.e.m.c.i.embedder.EclipseLogger - Using 'UTF-8' encoding to copy filtered resources.
2020-09-24 23:28:06,215 [Worker-2] INFO  o.e.m.c.i.embedder.EclipseLogger - skip non existing resourceDirectory C:\New folder (2)\In28Min\Project\Task_2\CRUD-Operation\src\test\resources
2020-09-24 23:28:12,471 [Worker-13] INFO  o.e.m.c.i.embedder.EclipseLogger - Using 'UTF-8' encoding to copy filtered resources.
2020-09-24 23:28:12,471 [Worker-13] INFO  o.e.m.c.i.embedder.EclipseLogger - Copying 1 resource
2020-09-24 23:28:12,472 [Worker-13] INFO  o.e.m.c.i.embedder.EclipseLogger - Copying 1 resource
2020-09-24 23:28:12,474 [Worker-13] INFO  o.e.m.c.i.embedder.EclipseLogger - Using 'UTF-8' encoding to copy filtered resources.
2020-09-24 23:28:12,474 [Worker-13] INFO  o.e.m.c.i.embedder.EclipseLogger - skip non existing resourceDirectory C:\New folder (2)\In28Min\Project\Task_2\CRUD-Operation\src\test\resources
2020-09-24 23:28:43,808 [Worker-8] INFO  o.e.m.c.i.embedder.EclipseLogger - Using 'UTF-8' encoding to copy filtered resources.
2020-09-24 23:28:43,808 [Worker-8] INFO  o.e.m.c.i.embedder.EclipseLogger - Copying 1 resource
2020-09-24 23:28:43,810 [Worker-8] INFO  o.e.m.c.i.embedder.EclipseLogger - Copying 1 resource
2020-09-24 23:28:43,811 [Worker-8] INFO  o.e.m.c.i.embedder.EclipseLogger - Using 'UTF-8' encoding to copy filtered resources.
2020-09-24 23:28:43,811 [Worker-8] INFO  o.e.m.c.i.embedder.EclipseLogger - skip non existing resourceDirectory C:\New folder (2)\In28Min\Project\Task_2\CRUD-Operation\src\test\resources
2020-09-24 23:29:48,251 [Worker-9] INFO  o.e.m.c.i.embedder.EclipseLogger - Using 'UTF-8' encoding to copy filtered resources.
2020-09-24 23:29:48,252 [Worker-9] INFO  o.e.m.c.i.embedder.EclipseLogger - Copying 1 resource
2020-09-24 23:29:48,253 [Worker-9] INFO  o.e.m.c.i.embedder.EclipseLogger - Copying 1 resource
2020-09-24 23:29:48,254 [Worker-9] INFO  o.e.m.c.i.embedder.EclipseLogger - Using 'UTF-8' encoding to copy filtered resources.
2020-09-24 23:29:48,254 [Worker-9] INFO  o.e.m.c.i.embedder.EclipseLogger - skip non existing resourceDirectory C:\New folder (2)\In28Min\Project\Task_2\CRUD-Operation\src\test\resources
2020-09-24 23:30:06,963 [Worker-15] INFO  o.e.m.c.i.embedder.EclipseLogger - Using 'UTF-8' encoding to copy filtered resources.
2020-09-24 23:30:06,964 [Worker-15] INFO  o.e.m.c.i.embedder.EclipseLogger - Copying 1 resource
2020-09-24 23:30:06,965 [Worker-15] INFO  o.e.m.c.i.embedder.EclipseLogger - Copying 1 resource
2020-09-24 23:30:06,967 [Worker-15] INFO  o.e.m.c.i.embedder.EclipseLogger - Using 'UTF-8' encoding to copy filtered resources.
2020-09-24 23:30:06,967 [Worker-15] INFO  o.e.m.c.i.embedder.EclipseLogger - skip non existing resourceDirectory C:\New folder (2)\In28Min\Project\Task_2\CRUD-Operation\src\test\resources
2020-09-24 23:31:47,136 [Worker-0] INFO  o.e.m.c.i.embedder.EclipseLogger - Using 'UTF-8' encoding to copy filtered resources.
2020-09-24 23:31:47,137 [Worker-0] INFO  o.e.m.c.i.embedder.EclipseLogger - Copying 1 resource
2020-09-24 23:31:47,138 [Worker-0] INFO  o.e.m.c.i.embedder.EclipseLogger - Copying 1 resource
2020-09-24 23:31:47,139 [Worker-0] INFO  o.e.m.c.i.embedder.EclipseLogger - Using 'UTF-8' encoding to copy filtered resources.
2020-09-24 23:31:47,139 [Worker-0] INFO  o.e.m.c.i.embedder.EclipseLogger - skip non existing resourceDirectory C:\New folder (2)\In28Min\Project\Task_2\CRUD-Operation\src\test\resources
2020-09-24 23:32:04,498 [main] INFO  c.g.t.t.d.PublishedGradleVersions - Gradle version information cache file is out-of-date. Remote download required.
2020-09-24 23:32:04,504 [main] ERROR c.g.t.t.d.PublishedGradleVersions - Cannot download published Gradle versions.
java.net.SocketException: java.security.NoSuchAlgorithmException: Error constructing implementation (algorithm: Default, provider: SunJSSE, class: sun.security.ssl.SSLContextImpl$DefaultSSLContext)
	at javax.net.ssl.DefaultSSLSocketFactory.throwException(Unknown Source) ~[na:1.8.0_241]
	at javax.net.ssl.DefaultSSLSocketFactory.createSocket(Unknown Source) ~[na:1.8.0_241]
	at sun.net.www.protocol.https.HttpsClient.createSocket(Unknown Source) ~[na:1.8.0_241]
	at sun.net.NetworkClient.doConnect(Unknown Source) ~[na:1.8.0_241]
	at sun.net.www.http.HttpClient.openServer(Unknown Source) ~[na:1.8.0_241]
	at sun.net.www.http.HttpClient.openServer(Unknown Source) ~[na:1.8.0_241]
	at sun.net.www.protocol.https.HttpsClient.<init>(Unknown Source) ~[na:1.8.0_241]
	at sun.net.www.protocol.https.HttpsClient.New(Unknown Source) ~[na:1.8.0_241]
	at sun.net.www.protocol.https.AbstractDelegateHttpsURLConnection.getNewHttpClient(Unknown Source) ~[na:1.8.0_241]
	at sun.net.www.protocol.http.HttpURLConnection.plainConnect0(Unknown Source) ~[na:1.8.0_241]
	at sun.net.www.protocol.http.HttpURLConnection.plainConnect(Unknown Source) ~[na:1.8.0_241]
	at sun.net.www.protocol.https.AbstractDelegateHttpsURLConnection.connect(Unknown Source) ~[na:1.8.0_241]
	at sun.net.www.protocol.http.HttpURLConnection.getInputStream0(Unknown Source) ~[na:1.8.0_241]
	at sun.net.www.protocol.http.HttpURLConnection.getInputStream(Unknown Source) ~[na:1.8.0_241]
	at sun.net.www.protocol.https.HttpsURLConnectionImpl.getInputStream(Unknown Source) ~[na:1.8.0_241]
	at com.gradleware.tooling.toolingutils.distribution.PublishedGradleVersions.downloadVersionInformation(PublishedGradleVersions.java:167) [com.gradleware.tooling.utils_0.8.1.v201512100932.jar:na]
	at com.gradleware.tooling.toolingutils.distribution.PublishedGradleVersions.create(PublishedGradleVersions.java:134) [com.gradleware.tooling.utils_0.8.1.v201512100932.jar:na]
	at org.eclipse.buildship.core.util.gradle.PublishedGradleVersionsWrapper.create(PublishedGradleVersionsWrapper.java:40) [org.eclipse.buildship.core_1.0.8.v20160201-1803.jar:na]
	at org.eclipse.buildship.core.util.gradle.PublishedGradleVersionsWrapper.<init>(PublishedGradleVersionsWrapper.java:35) [org.eclipse.buildship.core_1.0.8.v20160201-1803.jar:na]
	at org.eclipse.buildship.core.CorePlugin.createPublishedGradleVersions(CorePlugin.java:167) [org.eclipse.buildship.core_1.0.8.v20160201-1803.jar:na]
	at org.eclipse.buildship.core.CorePlugin.registerServices(CorePlugin.java:140) [org.eclipse.buildship.core_1.0.8.v20160201-1803.jar:na]
	at org.eclipse.buildship.core.CorePlugin.start(CorePlugin.java:103) [org.eclipse.buildship.core_1.0.8.v20160201-1803.jar:na]
	at org.eclipse.osgi.internal.framework.BundleContextImpl$3.run(BundleContextImpl.java:771) [org.eclipse.osgi_3.10.102.v20160118-1700.jar:na]
	at org.eclipse.osgi.internal.framework.BundleContextImpl$3.run(BundleContextImpl.java:1) [org.eclipse.osgi_3.10.102.v20160118-1700.jar:na]
	at java.security.AccessController.doPrivileged(Native Method) [na:1.8.0_241]
	at org.eclipse.osgi.internal.framework.BundleContextImpl.startActivator(BundleContextImpl.java:764) [org.eclipse.osgi_3.10.102.v20160118-1700.jar:na]
	at org.eclipse.osgi.internal.framework.BundleContextImpl.start(BundleContextImpl.java:721) [org.eclipse.osgi_3.10.102.v20160118-1700.jar:na]
	at org.eclipse.osgi.internal.framework.EquinoxBundle.startWorker0(EquinoxBundle.java:941) [org.eclipse.osgi_3.10.102.v20160118-1700.jar:na]
	at org.eclipse.osgi.internal.framework.EquinoxBundle$EquinoxModule.startWorker(EquinoxBundle.java:318) [org.eclipse.osgi_3.10.102.v20160118-1700.jar:na]
	at org.eclipse.osgi.container.Module.doStart(Module.java:571) [org.eclipse.osgi_3.10.102.v20160118-1700.jar:na]
	at org.eclipse.osgi.container.Module.start(Module.java:439) [org.eclipse.osgi_3.10.102.v20160118-1700.jar:na]
	at org.eclipse.osgi.framework.util.SecureAction.start(SecureAction.java:454) [org.eclipse.osgi_3.10.102.v20160118-1700.jar:na]
	at org.eclipse.osgi.internal.hooks.EclipseLazyStarter.postFindLocalClass(EclipseLazyStarter.java:107) [org.eclipse.osgi_3.10.102.v20160118-1700.jar:na]
	at org.eclipse.osgi.internal.loader.classpath.ClasspathManager.findLocalClass(ClasspathManager.java:531) [org.eclipse.osgi_3.10.102.v20160118-1700.jar:na]
	at org.eclipse.osgi.internal.loader.ModuleClassLoader.findLocalClass(ModuleClassLoader.java:324) [org.eclipse.osgi_3.10.102.v20160118-1700.jar:na]
	at org.eclipse.osgi.internal.loader.BundleLoader.findLocalClass(BundleLoader.java:327) [org.eclipse.osgi_3.10.102.v20160118-1700.jar:na]
	at org.eclipse.osgi.internal.loader.sources.SingleSourcePackage.loadClass(SingleSourcePackage.java:36) [org.eclipse.osgi_3.10.102.v20160118-1700.jar:na]
	at org.eclipse.osgi.internal.loader.BundleLoader.findClassInternal(BundleLoader.java:398) [org.eclipse.osgi_3.10.102.v20160118-1700.jar:na]
	at org.eclipse.osgi.internal.loader.BundleLoader.findClass(BundleLoader.java:352) [org.eclipse.osgi_3.10.102.v20160118-1700.jar:na]
	at org.eclipse.osgi.internal.loader.BundleLoader.findClass(BundleLoader.java:344) [org.eclipse.osgi_3.10.102.v20160118-1700.jar:na]
	at org.eclipse.osgi.internal.loader.ModuleClassLoader.loadClass(ModuleClassLoader.java:160) [org.eclipse.osgi_3.10.102.v20160118-1700.jar:na]
	at java.lang.ClassLoader.loadClass(Unknown Source) [na:1.8.0_241]
	at java.lang.Class.getDeclaredConstructors0(Native Method) [na:1.8.0_241]
	at java.lang.Class.privateGetDeclaredConstructors(Unknown Source) [na:1.8.0_241]
	at java.lang.Class.getConstructor0(Unknown Source) [na:1.8.0_241]
	at java.lang.Class.newInstance(Unknown Source) [na:1.8.0_241]
	at org.eclipse.osgi.internal.framework.BundleContextImpl.loadBundleActivator(BundleContextImpl.java:755) [org.eclipse.osgi_3.10.102.v20160118-1700.jar:na]
	at org.eclipse.osgi.internal.framework.BundleContextImpl.start(BundleContextImpl.java:706) [org.eclipse.osgi_3.10.102.v20160118-1700.jar:na]
	at org.eclipse.osgi.internal.framework.EquinoxBundle.startWorker0(EquinoxBundle.java:941) [org.eclipse.osgi_3.10.102.v20160118-1700.jar:na]
	at org.eclipse.osgi.internal.framework.EquinoxBundle$EquinoxModule.startWorker(EquinoxBundle.java:318) [org.eclipse.osgi_3.10.102.v20160118-1700.jar:na]
	at org.eclipse.osgi.container.Module.doStart(Module.java:571) [org.eclipse.osgi_3.10.102.v20160118-1700.jar:na]
	at org.eclipse.osgi.container.Module.start(Module.java:439) [org.eclipse.osgi_3.10.102.v20160118-1700.jar:na]
	at org.eclipse.osgi.framework.util.SecureAction.start(SecureAction.java:454) [org.eclipse.osgi_3.10.102.v20160118-1700.jar:na]
	at org.eclipse.osgi.internal.hooks.EclipseLazyStarter.postFindLocalClass(EclipseLazyStarter.java:107) [org.eclipse.osgi_3.10.102.v20160118-1700.jar:na]
	at org.eclipse.osgi.internal.loader.classpath.ClasspathManager.findLocalClass(ClasspathManager.java:531) [org.eclipse.osgi_3.10.102.v20160118-1700.jar:na]
	at org.eclipse.osgi.internal.loader.ModuleClassLoader.findLocalClass(ModuleClassLoader.java:324) [org.eclipse.osgi_3.10.102.v20160118-1700.jar:na]
	at org.eclipse.osgi.internal.loader.BundleLoader.findLocalClass(BundleLoader.java:327) [org.eclipse.osgi_3.10.102.v20160118-1700.jar:na]
	at org.eclipse.osgi.internal.loader.BundleLoader.findClassInternal(BundleLoader.java:402) [org.eclipse.osgi_3.10.102.v20160118-1700.jar:na]
	at org.eclipse.osgi.internal.loader.BundleLoader.findClass(BundleLoader.java:352) [org.eclipse.osgi_3.10.102.v20160118-1700.jar:na]
	at org.eclipse.osgi.internal.loader.BundleLoader.findClass(BundleLoader.java:344) [org.eclipse.osgi_3.10.102.v20160118-1700.jar:na]
	at org.eclipse.osgi.internal.loader.ModuleClassLoader.loadClass(ModuleClassLoader.java:160) [org.eclipse.osgi_3.10.102.v20160118-1700.jar:na]
	at java.lang.ClassLoader.loadClass(Unknown Source) [na:1.8.0_241]
	at org.eclipse.osgi.internal.framework.EquinoxBundle.loadClass(EquinoxBundle.java:573) [org.eclipse.osgi_3.10.102.v20160118-1700.jar:na]
	at org.eclipse.core.internal.registry.osgi.RegistryStrategyOSGI.createExecutableExtension(RegistryStrategyOSGI.java:174) [org.eclipse.equinox.registry_3.6.0.v20150318-1503.jar:na]
	at org.eclipse.core.internal.registry.ExtensionRegistry.createExecutableExtension(ExtensionRegistry.java:905) [org.eclipse.equinox.registry_3.6.0.v20150318-1503.jar:na]
	at org.eclipse.core.internal.registry.ConfigurationElement.createExecutableExtension(ConfigurationElement.java:243) [org.eclipse.equinox.registry_3.6.0.v20150318-1503.jar:na]
	at org.eclipse.core.internal.registry.ConfigurationElementHandle.createExecutableExtension(ConfigurationElementHandle.java:55) [org.eclipse.equinox.registry_3.6.0.v20150318-1503.jar:na]
	at org.eclipse.core.internal.expressions.PropertyTesterDescriptor.instantiate(PropertyTesterDescriptor.java:96) [org.eclipse.core.expressions_3.5.0.v20150421-2214.jar:na]
	at org.eclipse.core.internal.expressions.TypeExtension.findTypeExtender(TypeExtension.java:97) [org.eclipse.core.expressions_3.5.0.v20150421-2214.jar:na]
	at org.eclipse.core.internal.expressions.TypeExtension.findTypeExtender(TypeExtension.java:130) [org.eclipse.core.expressions_3.5.0.v20150421-2214.jar:na]
	at org.eclipse.core.internal.expressions.TypeExtension.findTypeExtender(TypeExtension.java:130) [org.eclipse.core.expressions_3.5.0.v20150421-2214.jar:na]
	at org.eclipse.core.internal.expressions.TypeExtension.findTypeExtender(TypeExtension.java:130) [org.eclipse.core.expressions_3.5.0.v20150421-2214.jar:na]
	at org.eclipse.core.internal.expressions.TypeExtensionManager.getProperty(TypeExtensionManager.java:119) [org.eclipse.core.expressions_3.5.0.v20150421-2214.jar:na]
	at org.eclipse.core.internal.expressions.TestExpression.evaluate(TestExpression.java:97) [org.eclipse.core.expressions_3.5.0.v20150421-2214.jar:na]
	at org.eclipse.core.internal.expressions.CompositeExpression.evaluateAnd(CompositeExpression.java:53) [org.eclipse.core.expressions_3.5.0.v20150421-2214.jar:na]
	at org.eclipse.core.internal.expressions.WithExpression.evaluate(WithExpression.java:75) [org.eclipse.core.expressions_3.5.0.v20150421-2214.jar:na]
	at org.eclipse.core.internal.expressions.CompositeExpression.evaluateAnd(CompositeExpression.java:53) [org.eclipse.core.expressions_3.5.0.v20150421-2214.jar:na]
	at org.eclipse.core.internal.expressions.EnablementExpression.evaluate(EnablementExpression.java:55) [org.eclipse.core.expressions_3.5.0.v20150421-2214.jar:na]
	at org.eclipse.debug.internal.ui.launchConfigurations.LaunchShortcutExtension.evalEnablementExpression(LaunchShortcutExtension.java:281) [org.eclipse.debug.ui_3.11.101.v20160203-1230.jar:na]
	at org.eclipse.debug.internal.ui.contextlaunching.LaunchingResourceManager.getShortcutsForSelection(LaunchingResourceManager.java:455) [org.eclipse.debug.ui_3.11.101.v20160203-1230.jar:na]
	at org.eclipse.debug.internal.ui.contextlaunching.ContextRunner.selectAndLaunch(ContextRunner.java:115) [org.eclipse.debug.ui_3.11.101.v20160203-1230.jar:na]
	at org.eclipse.debug.internal.ui.contextlaunching.ContextRunner.launch(ContextRunner.java:81) [org.eclipse.debug.ui_3.11.101.v20160203-1230.jar:na]
	at org.eclipse.debug.ui.actions.AbstractLaunchToolbarAction.run(AbstractLaunchToolbarAction.java:82) [org.eclipse.debug.ui_3.11.101.v20160203-1230.jar:na]
	at org.eclipse.debug.ui.actions.AbstractLaunchHistoryAction.runWithEvent(AbstractLaunchHistoryAction.java:420) [org.eclipse.debug.ui_3.11.101.v20160203-1230.jar:na]
	at org.eclipse.ui.internal.PluginAction.runWithEvent(PluginAction.java:237) [org.eclipse.ui.workbench_3.107.1.v20160120-2131.jar:na]
	at org.eclipse.ui.internal.WWinPluginAction.runWithEvent(WWinPluginAction.java:228) [org.eclipse.ui.workbench_3.107.1.v20160120-2131.jar:na]
	at org.eclipse.jface.action.ActionContributionItem.handleWidgetSelection(ActionContributionItem.java:595) [org.eclipse.jface_3.11.1.v20160128-1644.jar:na]
	at org.eclipse.jface.action.ActionContributionItem.access$2(ActionContributionItem.java:511) [org.eclipse.jface_3.11.1.v20160128-1644.jar:na]
	at org.eclipse.jface.action.ActionContributionItem$6.handleEvent(ActionContributionItem.java:462) [org.eclipse.jface_3.11.1.v20160128-1644.jar:na]
	at org.eclipse.swt.widgets.EventTable.sendEvent(EventTable.java:84) [org.eclipse.swt.win32.win32.x86_64_3.104.2.v20160212-1350.jar:na]
	at org.eclipse.swt.widgets.Display.sendEvent(Display.java:4362) [org.eclipse.swt.win32.win32.x86_64_3.104.2.v20160212-1350.jar:na]
	at org.eclipse.swt.widgets.Widget.sendEvent(Widget.java:1113) [org.eclipse.swt.win32.win32.x86_64_3.104.2.v20160212-1350.jar:na]
	at org.eclipse.swt.widgets.Display.runDeferredEvents(Display.java:4180) [org.eclipse.swt.win32.win32.x86_64_3.104.2.v20160212-1350.jar:na]
	at org.eclipse.swt.widgets.Display.readAndDispatch(Display.java:3769) [org.eclipse.swt.win32.win32.x86_64_3.104.2.v20160212-1350.jar:na]
	at org.eclipse.e4.ui.internal.workbench.swt.PartRenderingEngine$4.run(PartRenderingEngine.java:1127) [org.eclipse.e4.ui.workbench.swt_0.13.0.v20150504-0621.jar:na]
	at org.eclipse.core.databinding.observable.Realm.runWithDefault(Realm.java:337) [org.eclipse.core.databinding.observable_1.5.0.v20150422-0725.jar:na]
	at org.eclipse.e4.ui.internal.workbench.swt.PartRenderingEngine.run(PartRenderingEngine.java:1018) [org.eclipse.e4.ui.workbench.swt_0.13.0.v20150504-0621.jar:na]
	at org.eclipse.e4.ui.internal.workbench.E4Workbench.createAndRunUI(E4Workbench.java:156) [org.eclipse.e4.ui.workbench_1.3.1.v20160203-0951.jar:na]
	at org.eclipse.ui.internal.Workbench$5.run(Workbench.java:694) [org.eclipse.ui.workbench_3.107.1.v20160120-2131.jar:na]
	at org.eclipse.core.databinding.observable.Realm.runWithDefault(Realm.java:337) [org.eclipse.core.databinding.observable_1.5.0.v20150422-0725.jar:na]
	at org.eclipse.ui.internal.Workbench.createAndRunWorkbench(Workbench.java:606) [org.eclipse.ui.workbench_3.107.1.v20160120-2131.jar:na]
	at org.eclipse.ui.PlatformUI.createAndRunWorkbench(PlatformUI.java:150) [org.eclipse.ui.workbench_3.107.1.v20160120-2131.jar:na]
	at org.eclipse.ui.internal.ide.application.IDEApplication.start(IDEApplication.java:139) [org.eclipse.ui.ide.application_1.1.0.v20150422-0725.jar:na]
	at org.eclipse.equinox.internal.app.EclipseAppHandle.run(EclipseAppHandle.java:196) [org.eclipse.equinox.app_1.3.300.v20150423-1356.jar:na]
	at org.eclipse.core.runtime.internal.adaptor.EclipseAppLauncher.runApplication(EclipseAppLauncher.java:134) [org.eclipse.osgi_3.10.102.v20160118-1700.jar:na]
	at org.eclipse.core.runtime.internal.adaptor.EclipseAppLauncher.start(EclipseAppLauncher.java:104) [org.eclipse.osgi_3.10.102.v20160118-1700.jar:na]
	at org.eclipse.core.runtime.adaptor.EclipseStarter.run(EclipseStarter.java:380) [org.eclipse.osgi_3.10.102.v20160118-1700.jar:na]
	at org.eclipse.core.runtime.adaptor.EclipseStarter.run(EclipseStarter.java:235) [org.eclipse.osgi_3.10.102.v20160118-1700.jar:na]
	at sun.reflect.NativeMethodAccessorImpl.invoke0(Native Method) ~[na:1.8.0_241]
	at sun.reflect.NativeMethodAccessorImpl.invoke(Unknown Source) ~[na:1.8.0_241]
	at sun.reflect.DelegatingMethodAccessorImpl.invoke(Unknown Source) ~[na:1.8.0_241]
	at java.lang.reflect.Method.invoke(Unknown Source) ~[na:1.8.0_241]
	at org.eclipse.equinox.launcher.Main.invokeFramework(Main.java:669) [org.eclipse.equinox.launcher_1.3.100.v20150511-1540.jar:na]
	at org.eclipse.equinox.launcher.Main.basicRun(Main.java:608) [org.eclipse.equinox.launcher_1.3.100.v20150511-1540.jar:na]
	at org.eclipse.equinox.launcher.Main.run(Main.java:1515) [org.eclipse.equinox.launcher_1.3.100.v20150511-1540.jar:na]
java.security.NoSuchAlgorithmException: Error constructing implementation (algorithm: Default, provider: SunJSSE, class: sun.security.ssl.SSLContextImpl$DefaultSSLContext)
	at java.security.Provider$Service.newInstance(Unknown Source) ~[na:1.8.0_241]
	at sun.security.jca.GetInstance.getInstance(Unknown Source) ~[na:1.8.0_241]
	at sun.security.jca.GetInstance.getInstance(Unknown Source) ~[na:1.8.0_241]
	at javax.net.ssl.SSLContext.getInstance(Unknown Source) ~[na:1.8.0_241]
	at javax.net.ssl.SSLContext.getDefault(Unknown Source) ~[na:1.8.0_241]
	at javax.net.ssl.SSLSocketFactory.getDefault(Unknown Source) ~[na:1.8.0_241]
	at javax.net.ssl.HttpsURLConnection.getDefaultSSLSocketFactory(Unknown Source) ~[na:1.8.0_241]
	at javax.net.ssl.HttpsURLConnection.<init>(Unknown Source) ~[na:1.8.0_241]
	at sun.net.www.protocol.https.HttpsURLConnectionImpl.<init>(Unknown Source) ~[na:1.8.0_241]
	at sun.net.www.protocol.https.Handler.openConnection(Unknown Source) ~[na:1.8.0_241]
	at sun.net.www.protocol.https.Handler.openConnection(Unknown Source) ~[na:1.8.0_241]
	at java.net.URL.openConnection(Unknown Source) ~[na:1.8.0_241]
	at org.eclipse.jdt.internal.core.JavaElement.getURLContents(JavaElement.java:839) ~[na:na]
	at org.eclipse.jdt.internal.core.BinaryType.getJavadocContents(BinaryType.java:1039) ~[na:na]
	at org.eclipse.jdt.internal.core.BinaryType.getAttachedJavadoc(BinaryType.java:997) ~[na:na]
	at org.eclipse.jdt.internal.ui.text.javadoc.JavadocContentAccess2.getHTMLContent(JavadocContentAccess2.java:533) ~[na:na]
	at org.eclipse.jdt.internal.ui.text.java.hover.JavadocHover.getHoverInfo(JavadocHover.java:721) ~[na:na]
	at org.eclipse.jdt.internal.ui.text.java.hover.JavadocHover.internalGetHoverInfo(JavadocHover.java:639) ~[na:na]
	at org.eclipse.jdt.internal.ui.text.java.hover.JavadocHover.getHoverInfo2(JavadocHover.java:631) ~[na:na]
	at org.eclipse.jdt.internal.ui.text.java.hover.BestMatchHover.getHoverInfo2(BestMatchHover.java:163) ~[na:na]
	at org.eclipse.jdt.internal.ui.text.java.hover.BestMatchHover.getHoverInfo2(BestMatchHover.java:129) ~[na:na]
	at org.eclipse.jdt.internal.ui.text.java.hover.JavaEditorTextHoverProxy.getHoverInfo2(JavaEditorTextHoverProxy.java:85) ~[na:na]
	at org.eclipse.jface.text.TextViewerHoverManager$4.run(TextViewerHoverManager.java:166) ~[na:na]
java.security.KeyStoreException: problem accessing trust store
	at sun.security.ssl.TrustManagerFactoryImpl.engineInit(Unknown Source) ~[na:1.8.0_241]
	at javax.net.ssl.TrustManagerFactory.init(Unknown Source) ~[na:1.8.0_241]
	at sun.security.ssl.SSLContextImpl$DefaultManagersHolder.getTrustManagers(Unknown Source) ~[na:1.8.0_241]
	at sun.security.ssl.SSLContextImpl$DefaultManagersHolder.<clinit>(Unknown Source) ~[na:1.8.0_241]
	at sun.security.ssl.SSLContextImpl$DefaultSSLContext.<init>(Unknown Source) ~[na:1.8.0_241]
	at sun.reflect.NativeConstructorAccessorImpl.newInstance0(Native Method) ~[na:1.8.0_241]
	at sun.reflect.NativeConstructorAccessorImpl.newInstance(Unknown Source) ~[na:1.8.0_241]
	at sun.reflect.DelegatingConstructorAccessorImpl.newInstance(Unknown Source) ~[na:1.8.0_241]
	at java.lang.reflect.Constructor.newInstance(Unknown Source) ~[na:1.8.0_241]
	at java.security.Provider$Service.newInstance(Unknown Source) ~[na:1.8.0_241]
	at sun.security.jca.GetInstance.getInstance(Unknown Source) ~[na:1.8.0_241]
	at sun.security.jca.GetInstance.getInstance(Unknown Source) ~[na:1.8.0_241]
	at javax.net.ssl.SSLContext.getInstance(Unknown Source) ~[na:1.8.0_241]
	at javax.net.ssl.SSLContext.getDefault(Unknown Source) ~[na:1.8.0_241]
	at javax.net.ssl.SSLSocketFactory.getDefault(Unknown Source) ~[na:1.8.0_241]
	at org.apache.http.conn.ssl.SSLConnectionSocketFactory.getSystemSocketFactory(SSLConnectionSocketFactory.java:165) ~[na:na]
	at org.apache.http.client.fluent.Executor.<clinit>(Executor.java:76) ~[na:na]
	at org.eclipse.epp.internal.logging.aeri.ide.server.mars.ServerConnection.startUp(ServerConnection.java:96) ~[na:na]
	at com.google.common.util.concurrent.AbstractIdleService$2$1.run(AbstractIdleService.java:54) ~[na:na]
	at com.google.common.util.concurrent.Callables$3.run(Callables.java:93) ~[na:na]
	at java.lang.Thread.run(Unknown Source) ~[na:1.8.0_241]
Caused by: java.io.IOException: Keystore was tampered with, or password was incorrect
	at sun.security.provider.JavaKeyStore.engineLoad(Unknown Source) ~[na:1.8.0_241]
	at sun.security.provider.JavaKeyStore$JKS.engineLoad(Unknown Source) ~[na:1.8.0_241]
	at sun.security.provider.KeyStoreDelegator.engineLoad(Unknown Source) ~[na:1.8.0_241]
	at sun.security.provider.JavaKeyStore$DualFormatJKS.engineLoad(Unknown Source) ~[na:1.8.0_241]
	at java.security.KeyStore.load(Unknown Source) ~[na:1.8.0_241]
	at sun.security.ssl.TrustStoreManager$TrustAnchorManager.loadKeyStore(Unknown Source) ~[na:1.8.0_241]
	at sun.security.ssl.TrustStoreManager$TrustAnchorManager.getTrustedCerts(Unknown Source) ~[na:1.8.0_241]
	at sun.security.ssl.TrustStoreManager.getTrustedCerts(Unknown Source) ~[na:1.8.0_241]
	... 21 common frames omitted
Caused by: java.security.UnrecoverableKeyException: Password verification failed
	... 29 common frames omitted
2020-09-24 23:34:33,147 [Worker-12] INFO  o.e.m.c.i.embedder.EclipseLogger - Using 'UTF-8' encoding to copy filtered resources.
2020-09-24 23:34:33,147 [Worker-12] INFO  o.e.m.c.i.embedder.EclipseLogger - Copying 1 resource
2020-09-24 23:34:33,149 [Worker-12] INFO  o.e.m.c.i.embedder.EclipseLogger - Copying 1 resource
2020-09-24 23:34:33,151 [Worker-12] INFO  o.e.m.c.i.embedder.EclipseLogger - Using 'UTF-8' encoding to copy filtered resources.
2020-09-24 23:34:33,151 [Worker-12] INFO  o.e.m.c.i.embedder.EclipseLogger - skip non existing resourceDirectory C:\New folder (2)\In28Min\Project\Task_2\CRUD-Operation\src\test\resources
2020-09-24 23:35:23,638 [Worker-17] INFO  o.e.m.c.i.embedder.EclipseLogger - Using 'UTF-8' encoding to copy filtered resources.
2020-09-24 23:35:23,639 [Worker-17] INFO  o.e.m.c.i.embedder.EclipseLogger - Copying 1 resource
2020-09-24 23:35:23,640 [Worker-17] INFO  o.e.m.c.i.embedder.EclipseLogger - Copying 1 resource
2020-09-24 23:35:23,641 [Worker-17] INFO  o.e.m.c.i.embedder.EclipseLogger - Using 'UTF-8' encoding to copy filtered resources.
2020-09-24 23:35:23,641 [Worker-17] INFO  o.e.m.c.i.embedder.EclipseLogger - skip non existing resourceDirectory C:\New folder (2)\In28Min\Project\Task_2\CRUD-Operation\src\test\resources
2020-09-24 23:36:16,535 [Worker-7] INFO  o.e.m.c.i.l.LifecycleMappingFactory - Using org.eclipse.m2e.jdt.JarLifecycleMapping lifecycle mapping for MavenProject: com.Spring_boot.CRUD_Operation:CRUD-Operation:0.0.1-SNAPSHOT @ C:\New folder (2)\In28Min\Project\Task_2\CRUD-Operation\pom.xml.
2020-09-24 23:36:17,448 [Worker-7] INFO  o.e.m.c.i.embedder.EclipseLogger - Using 'UTF-8' encoding to copy filtered resources.
2020-09-24 23:36:17,450 [Worker-7] INFO  o.e.m.c.i.embedder.EclipseLogger - Copying 0 resource
2020-09-24 23:36:17,451 [Worker-7] INFO  o.e.m.c.i.embedder.EclipseLogger - Copying 0 resource
2020-09-24 23:36:17,452 [Worker-7] INFO  o.e.m.c.i.embedder.EclipseLogger - Using 'UTF-8' encoding to copy filtered resources.
2020-09-24 23:36:17,452 [Worker-7] INFO  o.e.m.c.i.embedder.EclipseLogger - skip non existing resourceDirectory C:\New folder (2)\In28Min\Project\Task_2\CRUD-Operation\src\test\resources
2020-09-24 23:36:33,921 [Worker-18] INFO  o.e.m.c.i.p.ProjectConfigurationManager - Update started
2020-09-24 23:36:35,382 [Worker-18] INFO  o.e.m.c.i.l.LifecycleMappingFactory - Using org.eclipse.m2e.jdt.JarLifecycleMapping lifecycle mapping for MavenProject: com.Spring_boot.CRUD_Operation:CRUD-Operation:0.0.1-SNAPSHOT @ C:\New folder (2)\In28Min\Project\Task_2\CRUD-Operation\pom.xml.
2020-09-24 23:36:37,099 [Worker-18] INFO  o.e.m.j.i.AbstractJavaProjectConfigurator - Adding source folder /CRUD-Operation/src/main/java
2020-09-24 23:36:37,099 [Worker-18] INFO  o.e.m.j.i.AbstractJavaProjectConfigurator - Adding resource folder /CRUD-Operation/src/main/resources
2020-09-24 23:36:37,099 [Worker-18] INFO  o.e.m.j.i.AbstractJavaProjectConfigurator - Adding resource folder /CRUD-Operation/src/main/resources
2020-09-24 23:36:37,100 [Worker-18] INFO  o.e.m.j.i.AbstractJavaProjectConfigurator - Adding source folder /CRUD-Operation/src/test/java
2020-09-24 23:36:37,146 [Worker-18] INFO  o.e.m.c.i.p.ProjectConfigurationManager - Update completed: 3 sec
2020-09-24 23:36:45,609 [Worker-6] INFO  o.e.m.i.launch.MavenLaunchDelegate - C:\New folder (2)\In28Min\Project\Task_2\CRUD-Operation
2020-09-24 23:36:45,609 [Worker-6] INFO  o.e.m.i.launch.MavenLaunchDelegate -  mvn  -B install
2020-09-24 23:37:11,912 [Worker-16] ERROR o.e.m2e.editor.pom.MavenPomEditor - failed to load maven project for org.eclipse.ui.part.FileEditorInput(/CRUD-Operation/pom.xml)
org.eclipse.core.runtime.CoreException: Could not read maven project
	at org.eclipse.m2e.core.internal.project.registry.ProjectRegistryManager.readProjectWithDependencies(ProjectRegistryManager.java:804) ~[na:na]
	at org.eclipse.m2e.core.internal.project.registry.ProjectRegistryManager$6.call(ProjectRegistryManager.java:999) ~[na:na]
	at org.eclipse.m2e.core.internal.project.registry.ProjectRegistryManager$6.call(ProjectRegistryManager.java:1) ~[na:na]
	at com.google.common.cache.LocalCache$LocalManualCache$1.load(LocalCache.java:4724) ~[na:na]
	at com.google.common.cache.LocalCache$LoadingValueReference.loadFuture(LocalCache.java:3522) ~[na:na]
	at com.google.common.cache.LocalCache$Segment.loadSync(LocalCache.java:2315) ~[na:na]
	at com.google.common.cache.LocalCache$Segment.lockedGetOrLoad(LocalCache.java:2278) ~[na:na]
	at com.google.common.cache.LocalCache$Segment.get(LocalCache.java:2193) ~[na:na]
	at com.google.common.cache.LocalCache.get(LocalCache.java:3932) ~[na:na]
	at com.google.common.cache.LocalCache$LocalManualCache.get(LocalCache.java:4721) ~[na:na]
	at org.eclipse.m2e.core.internal.project.registry.ProjectRegistryManager.getMavenProject(ProjectRegistryManager.java:997) ~[na:na]
	at org.eclipse.m2e.core.internal.project.registry.MavenProjectFacade.getMavenProject(MavenProjectFacade.java:242) ~[na:na]
	at org.eclipse.m2e.core.ui.internal.actions.SelectionUtil.getMavenProject(SelectionUtil.java:261) ~[org.eclipse.m2e.core.ui_1.6.2.20150902-0002.jar:na]
	at org.eclipse.m2e.editor.pom.MavenPomEditor.readMavenProject(MavenPomEditor.java:729) ~[na:na]
	at org.eclipse.m2e.editor.pom.MavenPomEditor$5.run(MavenPomEditor.java:1050) ~[na:na]
	at org.eclipse.core.internal.jobs.Worker.run(Worker.java:55) [org.eclipse.core.jobs_3.7.0.v20150330-2103.jar:na]
2020-09-24 23:37:12,718 [Worker-5] INFO  o.e.m.c.i.l.LifecycleMappingFactory - Using org.eclipse.m2e.jdt.JarLifecycleMapping lifecycle mapping for MavenProject: com.Spring_boot.CRUD_Operation:CRUD-Operation:0.0.1-SNAPSHOT @ C:\New folder (2)\In28Min\Project\Task_2\CRUD-Operation\pom.xml.
2020-09-24 23:37:13,353 [Worker-5] INFO  o.e.m.c.i.embedder.EclipseLogger - Using 'UTF-8' encoding to copy filtered resources.
2020-09-24 23:37:13,354 [Worker-5] INFO  o.e.m.c.i.embedder.EclipseLogger - Copying 1 resource
2020-09-24 23:37:13,367 [Worker-5] INFO  o.e.m.c.i.embedder.EclipseLogger - Copying 1 resource
2020-09-24 23:37:13,373 [Worker-5] INFO  o.e.m.c.i.embedder.EclipseLogger - Using 'UTF-8' encoding to copy filtered resources.
2020-09-24 23:37:13,373 [Worker-5] INFO  o.e.m.c.i.embedder.EclipseLogger - skip non existing resourceDirectory C:\New folder (2)\In28Min\Project\Task_2\CRUD-Operation\src\test\resources
2020-09-24 23:37:18,593 [Worker-16] INFO  o.e.m.c.i.p.ProjectConfigurationManager - Update started
2020-09-24 23:37:20,421 [Worker-16] INFO  o.e.m.c.i.l.LifecycleMappingFactory - Using org.eclipse.m2e.jdt.JarLifecycleMapping lifecycle mapping for MavenProject: com.Spring_boot.CRUD_Operation:CRUD-Operation:0.0.1-SNAPSHOT @ C:\New folder (2)\In28Min\Project\Task_2\CRUD-Operation\pom.xml.
2020-09-24 23:37:21,030 [Worker-16] INFO  o.e.m.j.i.AbstractJavaProjectConfigurator - Adding source folder /CRUD-Operation/src/main/java
2020-09-24 23:37:21,031 [Worker-16] INFO  o.e.m.j.i.AbstractJavaProjectConfigurator - Adding resource folder /CRUD-Operation/src/main/resources
2020-09-24 23:37:21,031 [Worker-16] INFO  o.e.m.j.i.AbstractJavaProjectConfigurator - Adding resource folder /CRUD-Operation/src/main/resources
2020-09-24 23:37:21,031 [Worker-16] INFO  o.e.m.j.i.AbstractJavaProjectConfigurator - Adding source folder /CRUD-Operation/src/test/java
2020-09-24 23:37:21,067 [Worker-16] INFO  o.e.m.c.i.p.ProjectConfigurationManager - Update completed: 2 sec
2020-09-24 23:37:29,948 [Worker-0] INFO  o.e.m.i.launch.MavenLaunchDelegate - C:\New folder (2)\In28Min\Project\Task_2\CRUD-Operation
2020-09-24 23:37:29,949 [Worker-0] INFO  o.e.m.i.launch.MavenLaunchDelegate -  mvn  -B install
2020-09-24 23:37:36,473 [Worker-11] INFO  o.e.m.c.i.embedder.EclipseLogger - Using 'UTF-8' encoding to copy filtered resources.
2020-09-24 23:37:36,473 [Worker-11] INFO  o.e.m.c.i.embedder.EclipseLogger - Copying 1 resource
2020-09-24 23:37:36,482 [Worker-11] INFO  o.e.m.c.i.embedder.EclipseLogger - Copying 1 resource
2020-09-24 23:37:36,483 [Worker-11] INFO  o.e.m.c.i.embedder.EclipseLogger - Using 'UTF-8' encoding to copy filtered resources.
2020-09-24 23:37:36,483 [Worker-11] INFO  o.e.m.c.i.embedder.EclipseLogger - skip non existing resourceDirectory C:\New folder (2)\In28Min\Project\Task_2\CRUD-Operation\src\test\resources
2020-09-24 23:38:23,312 [Worker-12] INFO  o.e.m.c.i.l.LifecycleMappingFactory - Using org.eclipse.m2e.jdt.JarLifecycleMapping lifecycle mapping for MavenProject: com.Spring_boot.CRUD_Operation:CRUD-Operation:0.0.1-SNAPSHOT @ C:\New folder (2)\In28Min\Project\Task_2\CRUD-Operation\pom.xml.
2020-09-24 23:38:24,245 [Worker-12] INFO  o.e.m.c.i.embedder.EclipseLogger - Using 'UTF-8' encoding to copy filtered resources.
2020-09-24 23:38:24,247 [Worker-12] INFO  o.e.m.c.i.embedder.EclipseLogger - Copying 0 resource
2020-09-24 23:38:24,247 [Worker-12] INFO  o.e.m.c.i.embedder.EclipseLogger - Copying 0 resource
2020-09-24 23:38:24,248 [Worker-12] INFO  o.e.m.c.i.embedder.EclipseLogger - Using 'UTF-8' encoding to copy filtered resources.
2020-09-24 23:38:24,248 [Worker-12] INFO  o.e.m.c.i.embedder.EclipseLogger - skip non existing resourceDirectory C:\New folder (2)\In28Min\Project\Task_2\CRUD-Operation\src\test\resources
2020-09-24 23:38:26,413 [Worker-11] INFO  o.e.m.c.i.l.LifecycleMappingFactory - Using org.eclipse.m2e.jdt.JarLifecycleMapping lifecycle mapping for MavenProject: com.Spring_boot.CRUD_Operation:CRUD-Operation:0.0.1-SNAPSHOT @ C:\New folder (2)\In28Min\Project\Task_2\CRUD-Operation\pom.xml.
2020-09-24 23:38:27,963 [Worker-11] INFO  o.e.m.c.i.embedder.EclipseLogger - Using 'UTF-8' encoding to copy filtered resources.
2020-09-24 23:38:27,967 [Worker-11] INFO  o.e.m.c.i.embedder.EclipseLogger - Copying 1 resource
2020-09-24 23:38:27,978 [Worker-11] INFO  o.e.m.c.i.embedder.EclipseLogger - Copying 1 resource
2020-09-24 23:38:27,984 [Worker-11] INFO  o.e.m.c.i.embedder.EclipseLogger - Using 'UTF-8' encoding to copy filtered resources.
2020-09-24 23:38:27,985 [Worker-11] INFO  o.e.m.c.i.embedder.EclipseLogger - skip non existing resourceDirectory C:\New folder (2)\In28Min\Project\Task_2\CRUD-Operation\src\test\resources
2020-09-24 23:38:54,221 [Worker-2] INFO  o.e.m.c.i.embedder.EclipseLogger - Using 'UTF-8' encoding to copy filtered resources.
2020-09-24 23:38:54,222 [Worker-2] INFO  o.e.m.c.i.embedder.EclipseLogger - Copying 1 resource
2020-09-24 23:38:54,224 [Worker-2] INFO  o.e.m.c.i.embedder.EclipseLogger - Copying 1 resource
2020-09-24 23:38:54,226 [Worker-2] INFO  o.e.m.c.i.embedder.EclipseLogger - Using 'UTF-8' encoding to copy filtered resources.
2020-09-24 23:38:54,226 [Worker-2] INFO  o.e.m.c.i.embedder.EclipseLogger - skip non existing resourceDirectory C:\New folder (2)\In28Min\Project\Task_2\CRUD-Operation\src\test\resources
2020-09-24 23:39:07,860 [Worker-5] INFO  o.e.m.c.i.embedder.EclipseLogger - Using 'UTF-8' encoding to copy filtered resources.
2020-09-24 23:39:07,861 [Worker-5] INFO  o.e.m.c.i.embedder.EclipseLogger - Copying 1 resource
2020-09-24 23:39:07,862 [Worker-5] INFO  o.e.m.c.i.embedder.EclipseLogger - Copying 1 resource
2020-09-24 23:39:07,863 [Worker-5] INFO  o.e.m.c.i.embedder.EclipseLogger - Using 'UTF-8' encoding to copy filtered resources.
2020-09-24 23:39:07,863 [Worker-5] INFO  o.e.m.c.i.embedder.EclipseLogger - skip non existing resourceDirectory C:\New folder (2)\In28Min\Project\Task_2\CRUD-Operation\src\test\resources
2020-09-24 23:39:13,041 [Worker-13] INFO  o.e.m.i.launch.MavenLaunchDelegate - C:\New folder (2)\In28Min\Project\Task_2\CRUD-Operation
2020-09-24 23:39:13,041 [Worker-13] INFO  o.e.m.i.launch.MavenLaunchDelegate -  mvn  -B install
2020-09-24 23:39:26,663 [Worker-6] INFO  o.e.m.c.i.embedder.EclipseLogger - Using 'UTF-8' encoding to copy filtered resources.
2020-09-24 23:39:26,664 [Worker-6] INFO  o.e.m.c.i.embedder.EclipseLogger - Copying 1 resource
2020-09-24 23:39:26,667 [Worker-6] INFO  o.e.m.c.i.embedder.EclipseLogger - Copying 1 resource
2020-09-24 23:39:26,668 [Worker-6] INFO  o.e.m.c.i.embedder.EclipseLogger - Using 'UTF-8' encoding to copy filtered resources.
2020-09-24 23:39:26,668 [Worker-6] INFO  o.e.m.c.i.embedder.EclipseLogger - skip non existing resourceDirectory C:\New folder (2)\In28Min\Project\Task_2\CRUD-Operation\src\test\resources
2020-09-24 23:39:57,413 [Worker-6] INFO  o.e.m.c.i.p.ProjectConfigurationManager - Update started
2020-09-24 23:39:58,774 [Worker-6] INFO  o.e.m.c.i.l.LifecycleMappingFactory - Using org.eclipse.m2e.jdt.JarLifecycleMapping lifecycle mapping for MavenProject: com.Spring_boot.CRUD_Operation:CRUD-Operation:0.0.1-SNAPSHOT @ C:\New folder (2)\In28Min\Project\Task_2\CRUD-Operation\pom.xml.
2020-09-24 23:39:59,522 [Worker-6] INFO  o.e.m.j.i.AbstractJavaProjectConfigurator - Adding source folder /CRUD-Operation/src/main/java
2020-09-24 23:39:59,522 [Worker-6] INFO  o.e.m.j.i.AbstractJavaProjectConfigurator - Adding resource folder /CRUD-Operation/src/main/resources
2020-09-24 23:39:59,522 [Worker-6] INFO  o.e.m.j.i.AbstractJavaProjectConfigurator - Adding resource folder /CRUD-Operation/src/main/resources
2020-09-24 23:39:59,522 [Worker-6] INFO  o.e.m.j.i.AbstractJavaProjectConfigurator - Adding source folder /CRUD-Operation/src/test/java
2020-09-24 23:39:59,729 [Worker-6] INFO  o.e.m.c.i.p.ProjectConfigurationManager - Update completed: 2 sec
2020-09-24 23:40:01,239 [Worker-14] INFO  o.e.m.c.i.embedder.EclipseLogger - Using 'UTF-8' encoding to copy filtered resources.
2020-09-24 23:40:01,240 [Worker-14] INFO  o.e.m.c.i.embedder.EclipseLogger - Copying 1 resource
2020-09-24 23:40:01,254 [Worker-14] INFO  o.e.m.c.i.embedder.EclipseLogger - Copying 1 resource
2020-09-24 23:40:01,260 [Worker-14] INFO  o.e.m.c.i.embedder.EclipseLogger - Using 'UTF-8' encoding to copy filtered resources.
2020-09-24 23:40:01,260 [Worker-14] INFO  o.e.m.c.i.embedder.EclipseLogger - skip non existing resourceDirectory C:\New folder (2)\In28Min\Project\Task_2\CRUD-Operation\src\test\resources
2020-09-24 23:43:13,864 [Worker-2] INFO  o.e.m.c.i.embedder.EclipseLogger - Using 'UTF-8' encoding to copy filtered resources.
2020-09-24 23:43:13,865 [Worker-2] INFO  o.e.m.c.i.embedder.EclipseLogger - Copying 1 resource
2020-09-24 23:43:13,866 [Worker-2] INFO  o.e.m.c.i.embedder.EclipseLogger - Copying 1 resource
2020-09-24 23:43:13,868 [Worker-2] INFO  o.e.m.c.i.embedder.EclipseLogger - Using 'UTF-8' encoding to copy filtered resources.
2020-09-24 23:43:13,868 [Worker-2] INFO  o.e.m.c.i.embedder.EclipseLogger - skip non existing resourceDirectory C:\New folder (2)\In28Min\Project\Task_2\CRUD-Operation\src\test\resources
2020-09-24 23:43:24,307 [Worker-5] INFO  o.e.m.c.i.embedder.EclipseLogger - Using 'UTF-8' encoding to copy filtered resources.
2020-09-24 23:43:24,307 [Worker-5] INFO  o.e.m.c.i.embedder.EclipseLogger - Copying 1 resource
2020-09-24 23:43:24,309 [Worker-5] INFO  o.e.m.c.i.embedder.EclipseLogger - Copying 1 resource
2020-09-24 23:43:24,310 [Worker-5] INFO  o.e.m.c.i.embedder.EclipseLogger - Using 'UTF-8' encoding to copy filtered resources.
2020-09-24 23:43:24,310 [Worker-5] INFO  o.e.m.c.i.embedder.EclipseLogger - skip non existing resourceDirectory C:\New folder (2)\In28Min\Project\Task_2\CRUD-Operation\src\test\resources
